2021-05-19 02:50:07,897 - __main__ - INFO - Connection created
2021-05-19 02:50:07,899 - __main__ - ERROR - create table test (nombre varchar(30), clave varchar(10));  - relation "test" already exists

2021-05-19 02:50:07,900 - __main__ - ERROR - create table test2 (nombre varchar(30), clave varchar(10)); - current transaction is aborted, commands ignored until end of transaction block

2021-05-19 02:50:07,900 - __main__ - INFO - Connection closed
2021-05-19 02:50:21,047 - __main__ - INFO - Connection created
2021-05-19 02:50:21,052 - __main__ - ERROR - create table test (nombre varchar(30), clave varchar(10));  - relation "test" already exists

2021-05-19 02:50:21,055 - __main__ - ERROR - create table test2 (nombre varchar(30), clave varchar(10)); - current transaction is aborted, commands ignored until end of transaction block

2021-05-19 02:50:21,056 - __main__ - INFO - Connection closed
2021-05-19 02:50:42,743 - __main__ - INFO - Connection created
2021-05-19 02:50:47,687 - __main__ - ERROR - create table test (nombre varchar(30), clave varchar(10));  - relation "test" already exists

2021-05-19 02:51:05,227 - __main__ - ERROR - create table test2 (nombre varchar(30), clave varchar(10)); - current transaction is aborted, commands ignored until end of transaction block

2021-05-19 02:51:05,228 - __main__ - INFO - Connection closed
2021-05-19 02:51:21,242 - __main__ - INFO - Connection created
2021-05-19 02:51:25,421 - __main__ - ERROR - create table test (nombre varchar(30), clave varchar(10));  - relation "test" already exists

2021-05-19 02:51:48,613 - __main__ - INFO - Connection closed
2021-05-19 02:51:49,717 - __main__ - INFO - Connection created
2021-05-19 02:52:02,848 - __main__ - ERROR - create table test (nombre varchar(30), clave varchar(10));  - relation "test" already exists

2021-05-19 02:52:51,196 - __main__ - INFO - Connection closed
2021-05-19 02:59:24,291 - __main__ - INFO - Connection created
2021-05-19 02:59:24,392 - __main__ - INFO - create table test (nombre varchar(30), clave varchar(10));  OK
2021-05-19 02:59:24,395 - __main__ - INFO - create table test2 (nombre varchar(30), clave varchar(10)); OK
2021-05-19 02:59:24,419 - __main__ - INFO - Connection closed
2021-05-19 02:59:33,300 - __main__ - INFO - Connection created
2021-05-19 02:59:33,352 - __main__ - ERROR - create table test (nombre varchar(30), clave varchar(10));  - relation "test" already exists

2021-05-19 02:59:33,353 - __main__ - ERROR - create table test2 (nombre varchar(30), clave varchar(10)); - current transaction is aborted, commands ignored until end of transaction block

2021-05-19 02:59:33,359 - __main__ - INFO - Connection closed
2021-05-19 03:04:12,477 - __main__ - INFO - Connection created
2021-05-19 03:04:12,479 - __main__ - ERROR - create table test (nombre varchar(30), clave varchar(10));  - relation "test" already exists

2021-05-19 03:04:12,480 - __main__ - ERROR - create table test2 (nombre varchar(30), clave varchar(10)); - current transaction is aborted, commands ignored until end of transaction block

2021-05-19 03:04:12,480 - __main__ - INFO - Connection closed
